0 verbose cli C:\Program Files\nodejs\node.exe C:\Users\ACer\AppData\Roaming\npm\node_modules\npm\bin\npm-cli.js
1 info using npm@11.12.0
2 info using node@v22.18.0
3 silly config load:file:C:\Users\ACer\AppData\Roaming\npm\node_modules\npm\npmrc
4 silly config load:file:C:\Users\ACer\OneDrive\Desktop\Hot-Barcelona\hot\.npmrc
5 silly config load:file:C:\Users\ACer\.npmrc
6 silly config load:file:C:\Users\ACer\AppData\Roaming\npm\etc\npmrc
7 verbose title npm install
8 verbose argv "install" "--no-audit" "--no-fund" "--cache" ".npm-cache"
9 verbose logfile logs-max:10 dir:C:\Users\ACer\OneDrive\Desktop\Hot-Barcelona\hot\.npm-cache\_logs\2026-04-27T06_06_56_673Z-
10 verbose logfile C:\Users\ACer\OneDrive\Desktop\Hot-Barcelona\hot\.npm-cache\_logs\2026-04-27T06_06_56_673Z-debug-0.log
11 silly logfile done cleaning log files
12 silly packumentCache heap:2197815296 maxSize:549453824 maxEntrySize:274726912
13 silly idealTree buildDeps
14 silly fetch manifest nodemailer@^6.9.0
15 silly packumentCache full:https://registry.npmjs.org/nodemailer cache-miss
16 http fetch GET https://registry.npmjs.org/npm attempt 1 failed with EACCES
17 http fetch GET https://registry.npmjs.org/nodemailer attempt 1 failed with EACCES
18 http fetch GET https://registry.npmjs.org/npm attempt 2 failed with EACCES
19 http fetch GET https://registry.npmjs.org/nodemailer attempt 2 failed with EACCES
20 http fetch GET https://registry.npmjs.org/npm attempt 3 failed with EACCES
21 http fetch GET https://registry.npmjs.org/nodemailer attempt 3 failed with EACCES
22 silly placeDep ROOT nodemailer@ OK for: hot@0.1.0 want: ^6.9.0
23 verbose type system
24 verbose stack FetchError: request to https://registry.npmjs.org/nodemailer failed, reason: 
24 verbose stack     at ClientRequest.<anonymous> (C:\Users\ACer\AppData\Roaming\npm\node_modules\npm\node_modules\minipass-fetch\lib\index.js:130:14)
24 verbose stack     at ClientRequest.emit (node:events:518:28)
24 verbose stack     at emitErrorEvent (node:_http_client:104:11)
24 verbose stack     at _destroy (node:_http_client:898:9)
24 verbose stack     at onSocketNT (node:_http_client:918:5)
24 verbose stack     at process.processTicksAndRejections (node:internal/process/task_queues:91:21)
25 error code EACCES
26 error errno EACCES
27 error FetchError: request to https://registry.npmjs.org/nodemailer failed, reason: 
27 error     at ClientRequest.<anonymous> (C:\Users\ACer\AppData\Roaming\npm\node_modules\npm\node_modules\minipass-fetch\lib\index.js:130:14)
27 error     at ClientRequest.emit (node:events:518:28)
27 error     at emitErrorEvent (node:_http_client:104:11)
27 error     at _destroy (node:_http_client:898:9)
27 error     at onSocketNT (node:_http_client:918:5)
27 error     at process.processTicksAndRejections (node:internal/process/task_queues:91:21) {
27 error   code: 'EACCES',
27 error   errno: 'EACCES',
27 error   type: 'system',
27 error   requiredBy: '.'
27 error }
28 error
28 error The operation was rejected by your operating system.
28 error It's possible that the file was already in use (by a text editor or antivirus), or that you lack permissions to access it.
28 error
28 error If you believe this might be a permissions issue, please double-check the permissions of the file and its containing directories, or try running the command again as root/Administrator.
29 silly unfinished npm timer reify 1777270017672
30 silly unfinished npm timer reify:loadTrees 1777270017673
31 verbose cwd C:\Users\ACer\OneDrive\Desktop\Hot-Barcelona\hot
32 verbose os Windows_NT 10.0.26200
33 verbose node v22.18.0
34 verbose npm  v11.12.0
35 verbose exit 1
36 verbose code 1
37 error A complete log of this run can be found in: C:\Users\ACer\OneDrive\Desktop\Hot-Barcelona\hot\.npm-cache\_logs\2026-04-27T06_06_56_673Z-debug-0.log
